<?xml version="1.0" encoding="UTF-8"?>
<testng-results skipped="0" failed="0" ignored="0" total="1" passed="1">
  <reporter-output>
  </reporter-output>
  <suite name="Default suite" duration-ms="140373" started-at="2019-01-10T06:30:58Z" finished-at="2019-01-10T06:33:19Z">
    <groups>
    </groups>
    <test name="Default test" duration-ms="140373" started-at="2019-01-10T06:30:58Z" finished-at="2019-01-10T06:33:19Z">
      <class name="com.tests.NewTest2">
        <test-method status="PASS" signature="launchChrome()[pri:0, instance:com.tests.NewTest2@4520ebad]" name="launchChrome" duration-ms="140346" started-at="2019-01-10T12:00:58Z" finished-at="2019-01-10T12:03:19Z">
          <reporter-output>
          </reporter-output>
        </test-method> <!-- launchChrome -->
      </class> <!-- com.tests.NewTest2 -->
    </test> <!-- Default test -->
  </suite> <!-- Default suite -->
</testng-results>
